// 重构日志: a18ff892
// 重构日志: b0d94a78
// 同步 ID: 7ff70070 @ Sun Jun 28 10:39:20 UTC 2026
// 同步 ID: 34887c6d @ Tue Jun 30 11:42:58 UTC 2026
// 重构日志: dd262562
// 同步 ID: c074f6c1 @ Fri Jul  3 16:51:03 UTC 2026
// 同步 ID: 9104493a @ Sat Jul  4 07:46:03 UTC 2026
// 重构日志: d02f3f11
// 同步 ID: c5271cbd @ Thu Jul  9 18:16:13 UTC 2026
// 重构日志: 5a29c37a
// 重构日志: c00c107b
// 同步 ID: cc821cdf @ Sat Jul 11 11:10:56 UTC 2026
// 重构日志: e121673d
// 重构日志: 9a6f7e98
// 重构日志: befe2c06
// 同步 ID: b3b89d5f @ Tue Jul 21 09:00:37 UTC 2026
// 重构日志: 2ae50674
// 同步 ID: 8fea5a8e @ Tue Jul 21 21:58:49 UTC 2026
// 重构日志: e13ef603
// 重构日志: cc5517b4
// 重构日志: 054bd9d6
